
********************************************************************************
                            Git Achievement Unlocked!                            

                                     Student                                     
       Accessed the documentation for a command with git [command] --help       
********************************************************************************


********************************************************************************
                            Git Achievement Unlocked!                            

                           Apprentice Author (Level 1)                           
                     Made 2^Level commits using git commit.                     
********************************************************************************


********************************************************************************
                            Git Achievement Unlocked!                            

                           Apprentice Author (Level 2)                           
                     Made 2^Level commits using git commit.                     
********************************************************************************


********************************************************************************
                            Git Achievement Unlocked!                            

                        Apprentice Stone Mason (Level 1)                        
   Added files to the index area for inclusion in the next commit with git add   
********************************************************************************


********************************************************************************
                            Git Achievement Unlocked!                            

                         Apprentice Socialite (Level 1)                         
              pushed a branch to a remote repository using git push              
********************************************************************************


********************************************************************************
                            Git Achievement Unlocked!                            

                         Apprentice Socialite (Level 2)                         
              pushed a branch to a remote repository using git push              
********************************************************************************


********************************************************************************
                            Git Achievement Unlocked!                            

                         Apprentice Blacksmith (Level 1)                         
                     Created a branch using git checkout -b.                     
********************************************************************************


********************************************************************************
                            Git Achievement Unlocked!                            

                        Apprentice Stone Mason (Level 2)                        
   Added files to the index area for inclusion in the next commit with git add   
********************************************************************************


********************************************************************************
                            Git Achievement Unlocked!                            

                           Apprentice Author (Level 3)                           
                     Made 2^Level commits using git commit.                     
********************************************************************************


********************************************************************************
                            Git Achievement Unlocked!                            

                         Apprentice Blacksmith (Level 2)                         
                     Created a branch using git checkout -b.                     
********************************************************************************


********************************************************************************
                            Git Achievement Unlocked!                            

                         Apprentice Socialite (Level 3)                         
              pushed a branch to a remote repository using git push              
********************************************************************************


********************************************************************************
                            Git Achievement Unlocked!                            

                                     Weaver                                     
                  Investigate old branches by using git reflog                  
********************************************************************************

